<?xml version="1.0" encoding="UTF-8"?>
<!-- Generated by org.testng.reporters.JUnitReportReporter -->
<testsuite hostname="DESKTOP-IVP925K" failures="0" tests="9" name="api.test.UserDataDrivenTest" time="19.009" errors="0" timestamp="2023-04-03T22:24:05 IST" skipped="0">
  <testcase classname="api.test.UserDataDrivenTest" name="testPostUser" time="1.888"/>
  <system-out/>
  <testcase classname="api.test.UserDataDrivenTest" name="testPostUser" time="1.733"/>
  <system-out/>
  <testcase classname="api.test.UserDataDrivenTest" name="testPostUser" time="3.821"/>
  <system-out/>
  <testcase classname="api.test.UserDataDrivenTest" name="testGetUserByName" time="2.145"/>
  <system-out/>
  <testcase classname="api.test.UserDataDrivenTest" name="testGetUserByName" time="1.793"/>
  <system-out/>
  <testcase classname="api.test.UserDataDrivenTest" name="testGetUserByName" time="1.729"/>
  <system-out/>
  <testcase classname="api.test.UserDataDrivenTest" name="testDeleteUserByName" time="1.848"/>
  <system-out/>
  <testcase classname="api.test.UserDataDrivenTest" name="testDeleteUserByName" time="2.249"/>
  <system-out/>
  <testcase classname="api.test.UserDataDrivenTest" name="testDeleteUserByName" time="1.803"/>
  <system-out/>
</testsuite> <!-- api.test.UserDataDrivenTest -->
