<?xml version="1.0" encoding="UTF-8"?>
<!-- Generated by org.testng.reporters.JUnitReportReporter -->
<testsuite hostname="DESKTOP-IVP925K" failures="0" tests="4" name="api.test.UserTest" time="9.038" errors="0" timestamp="2023-04-03T22:24:05 IST" skipped="0">
  <testcase classname="api.test.UserTest" name="testPostUser" time="1.728"/>
  <system-out/>
  <testcase classname="api.test.UserTest" name="testGetUserByName" time="1.824"/>
  <system-out/>
  <testcase classname="api.test.UserTest" name="testUpdateUserByName" time="3.685"/>
  <system-out/>
  <testcase classname="api.test.UserTest" name="testDeleteUserByName" time="1.801"/>
  <system-out/>
</testsuite> <!-- api.test.UserTest -->
