<?xml version="1.0" encoding="UTF-8"?>
<!-- Generated by org.testng.reporters.JUnitReportReporter -->
<testsuite hostname="DESKTOP-IVP925K" failures="0" tests="9" name="api.test.StoreDataDrivenTest" time="36.959" errors="0" timestamp="2023-04-03T22:24:05 IST" skipped="0">
  <testcase classname="api.test.StoreDataDrivenTest" name="testPostOrder" time="1.767"/>
  <system-out/>
  <testcase classname="api.test.StoreDataDrivenTest" name="testPostOrder" time="1.829"/>
  <system-out/>
  <testcase classname="api.test.StoreDataDrivenTest" name="testPostOrder" time="1.858"/>
  <system-out/>
  <testcase classname="api.test.StoreDataDrivenTest" name="testGetOrder" time="1.734"/>
  <system-out/>
  <testcase classname="api.test.StoreDataDrivenTest" name="testGetOrder" time="1.752"/>
  <system-out/>
  <testcase classname="api.test.StoreDataDrivenTest" name="testGetOrder" time="1.710"/>
  <system-out/>
  <testcase classname="api.test.StoreDataDrivenTest" name="testDeleteOrder" time="1.784"/>
  <system-out/>
  <testcase classname="api.test.StoreDataDrivenTest" name="testDeleteOrder" time="22.787"/>
  <system-out/>
  <testcase classname="api.test.StoreDataDrivenTest" name="testDeleteOrder" time="1.738"/>
  <system-out/>
</testsuite> <!-- api.test.StoreDataDrivenTest -->
