<?xml version="1.0" encoding="UTF-8"?>
<!-- Generated by org.testng.reporters.JUnitReportReporter -->
<testsuite hostname="DESKTOP-IVP925K" failures="0" tests="9" name="api.test.UserPropertiesDDT" time="16.234" errors="0" timestamp="2023-04-03T22:24:05 IST" skipped="0">
  <testcase classname="api.test.UserPropertiesDDT" name="testPostUser" time="1.799"/>
  <system-out/>
  <testcase classname="api.test.UserPropertiesDDT" name="testPostUser" time="1.747"/>
  <system-out/>
  <testcase classname="api.test.UserPropertiesDDT" name="testPostUser" time="1.781"/>
  <system-out/>
  <testcase classname="api.test.UserPropertiesDDT" name="testGetUserByName" time="2.190"/>
  <system-out/>
  <testcase classname="api.test.UserPropertiesDDT" name="testGetUserByName" time="1.644"/>
  <system-out/>
  <testcase classname="api.test.UserPropertiesDDT" name="testGetUserByName" time="1.834"/>
  <system-out/>
  <testcase classname="api.test.UserPropertiesDDT" name="testDeleteUserByName" time="1.763"/>
  <system-out/>
  <testcase classname="api.test.UserPropertiesDDT" name="testDeleteUserByName" time="1.796"/>
  <system-out/>
  <testcase classname="api.test.UserPropertiesDDT" name="testDeleteUserByName" time="1.680"/>
  <system-out/>
</testsuite> <!-- api.test.UserPropertiesDDT -->
